[2024-04-25 11:36:12.720 PM] info: Class data has been read
[2024-04-25 11:36:12.722 PM] info: Room information has been read
[2024-04-25 11:36:12.722 PM] info: Number of classes per day has been calculated
[2024-04-25 11:36:12.723 PM] info: Class data has been queued
[2024-04-25 11:36:12.723 PM] info: Course #1
[2024-04-25 11:36:12.723 PM] info: Assigning class: CYBR 3600 - INFORMATION SECURITY POLICY AND AWARENESS
[2024-04-25 11:36:12.724 PM] info: Assigned: CYBR 3600 - INFORMATION SECURITY POLICY AND AWARENESS to PKI room #161
[2024-04-25 11:36:12.724 PM] info: Course #2
[2024-04-25 11:36:12.724 PM] info: Assigning class: CYBR 4450 - HOST-BASED VULNERABILITY DISCOVERY
[2024-04-25 11:36:12.724 PM] info: Assigned: CYBR 4450 - HOST-BASED VULNERABILITY DISCOVERY to PKI room #155
[2024-04-25 11:36:12.724 PM] info: Course #3
[2024-04-25 11:36:12.724 PM] info: Assigning class: CYBR 8410 - DISTRIBUTED SYSTEMS AND NETWORK SECURITY
[2024-04-25 11:36:12.724 PM] info: Assigned: CYBR 8410 - DISTRIBUTED SYSTEMS AND NETWORK SECURITY to PKI room #269
[2024-04-25 11:36:12.725 PM] info: Course #4
[2024-04-25 11:36:12.725 PM] info: Assigning class: ECEN 103 - ELECTRICAL AND COMPUTER ENGINEERING FUNDAMENTALS
[2024-04-25 11:36:12.725 PM] info: Assigned: ECEN 103 - ELECTRICAL AND COMPUTER ENGINEERING FUNDAMENTALS to PKI room #269
[2024-04-25 11:36:12.725 PM] info: Course #5
[2024-04-25 11:36:12.725 PM] info: Assigning class: ECEN 106 - MICROPROCESSOR APPLICATIONS
[2024-04-25 11:36:12.725 PM] info: Assigned: ECEN 106 - MICROPROCESSOR APPLICATIONS to PKI room #161
[2024-04-25 11:36:12.725 PM] info: Course #6
[2024-04-25 11:36:12.725 PM] info: Assigning class: ECEN 106 - MICROPROCESSOR APPLICATIONS
[2024-04-25 11:36:12.725 PM] info: Assigned: ECEN 106 - MICROPROCESSOR APPLICATIONS to PKI room #161
[2024-04-25 11:36:12.725 PM] info: Course #7
[2024-04-25 11:36:12.725 PM] info: Assigning class: ECEN 194 - SPECIAL TOPICS IN ELECTRICAL AND COMPUTER ENGINEERING I
[2024-04-25 11:36:12.725 PM] info: Assigned: ECEN 194 - SPECIAL TOPICS IN ELECTRICAL AND COMPUTER ENGINEERING I to PKI room #161
[2024-04-25 11:36:12.726 PM] info: Course #8
[2024-04-25 11:36:12.726 PM] info: Assigning class: ECEN 194 - SPECIAL TOPICS IN ELECTRICAL AND COMPUTER ENGINEERING I
[2024-04-25 11:36:12.726 PM] info: Assigned: ECEN 194 - SPECIAL TOPICS IN ELECTRICAL AND COMPUTER ENGINEERING I to PKI room #161
[2024-04-25 11:36:12.726 PM] info: Course #9
[2024-04-25 11:36:12.726 PM] info: Assigning class: ECEN 213 - ELECTRICAL CIRCUITS I
[2024-04-25 11:36:12.726 PM] info: Assigned: ECEN 213 - ELECTRICAL CIRCUITS I to PKI room #153
[2024-04-25 11:36:12.726 PM] info: Course #10
[2024-04-25 11:36:12.726 PM] info: Assigning class: ECEN 222 - ELECTRONIC CIRCUITS I
[2024-04-25 11:36:12.726 PM] info: Assigned: ECEN 222 - ELECTRONIC CIRCUITS I to PKI room #164
[2024-04-25 11:36:12.726 PM] info: Course #11
[2024-04-25 11:36:12.726 PM] info: Assigning class: ECEN 225 - ELECTRICAL AND COMPUTER ENGINEERING SEMINAR
[2024-04-25 11:36:12.726 PM] info: Assigned: ECEN 225 - ELECTRICAL AND COMPUTER ENGINEERING SEMINAR to PKI room #164
[2024-04-25 11:36:12.726 PM] info: Course #12
[2024-04-25 11:36:12.726 PM] info: Assigning class: ECEN 305 - PROBABILITY THEORY AND STATISTICS FOR ELECTRICAL AND COMPUTER ENGINEERS
[2024-04-25 11:36:12.726 PM] info: Assigned: ECEN 305 - PROBABILITY THEORY AND STATISTICS FOR ELECTRICAL AND COMPUTER ENGINEERS to PKI room #164
[2024-04-25 11:36:12.726 PM] info: Course #13
[2024-04-25 11:36:12.726 PM] info: Assigning class: ECEN 313 - SWITCHING CIRCUITS THEORY
[2024-04-25 11:36:12.726 PM] info: Assigned: ECEN 313 - SWITCHING CIRCUITS THEORY to PKI room #164
[2024-04-25 11:36:12.726 PM] info: Course #14
[2024-04-25 11:36:12.726 PM] info: Assigning class: ECEN 325 - COMMUNICATIONS SYSTEMS
[2024-04-25 11:36:12.726 PM] info: Assigned: ECEN 325 - COMMUNICATIONS SYSTEMS to PKI room #164
[2024-04-25 11:36:12.726 PM] info: Course #15
[2024-04-25 11:36:12.726 PM] info: Assigning class: ECEN 338 - INTRODUCTION TO POWER AND ENERGY SYSTEMS
[2024-04-25 11:36:12.726 PM] info: Assigned: ECEN 338 - INTRODUCTION TO POWER AND ENERGY SYSTEMS to PKI room #164
[2024-04-25 11:36:12.726 PM] info: Course #16
[2024-04-25 11:36:12.726 PM] info: Assigning class: ECEN 433 - MICROPROCESSOR SYSTEM DESIGN
[2024-04-25 11:36:12.726 PM] info: Assigned: ECEN 433 - MICROPROCESSOR SYSTEM DESIGN to PKI room #164
[2024-04-25 11:36:12.726 PM] info: Course #17
[2024-04-25 11:36:12.726 PM] info: Assigning class: CIVE 863 - TRAFFIC ENGINEERING
[2024-04-25 11:36:12.726 PM] warn: Couldn't find a classroom for CIVE 863 - TRAFFIC ENGINEERING
[2024-04-25 11:36:12.726 PM] info: Course #18
[2024-04-25 11:36:12.726 PM] info: Assigning class: CIVE 864 - ANALYSIS AND ESTIMATION OF TRANSPORTATION DEMAND
[2024-04-25 11:36:12.726 PM] warn: Couldn't find a classroom for CIVE 864 - ANALYSIS AND ESTIMATION OF TRANSPORTATION DEMAND
[2024-04-25 11:36:12.726 PM] info: Course #19
[2024-04-25 11:36:12.726 PM] info: Assigning class: CIVE 872 - PAVEMENT DESIGN AND EVALUATION
[2024-04-25 11:36:12.726 PM] warn: Couldn't find a classroom for CIVE 872 - PAVEMENT DESIGN AND EVALUATION
[2024-04-25 11:36:12.726 PM] info: Course #20
[2024-04-25 11:36:12.726 PM] info: Assigning class: CIVE 891 - SPECIAL TOPICS IN CIVIL ENGINEERING
[2024-04-25 11:36:12.726 PM] warn: Couldn't find a classroom for CIVE 891 - SPECIAL TOPICS IN CIVIL ENGINEERING
[2024-04-25 11:36:12.726 PM] info: Course #21
[2024-04-25 11:36:12.726 PM] info: Assigning class: CIVE 891 - SPECIAL TOPICS IN CIVIL ENGINEERING
[2024-04-25 11:36:12.726 PM] warn: Couldn't find a classroom for CIVE 891 - SPECIAL TOPICS IN CIVIL ENGINEERING
[2024-04-25 11:36:12.726 PM] info: Course #22
[2024-04-25 11:36:12.727 PM] info: Assigning class: CIVE 891 - SPECIAL TOPICS IN CIVIL ENGINEERING
[2024-04-25 11:36:12.727 PM] warn: Couldn't find a classroom for CIVE 891 - SPECIAL TOPICS IN CIVIL ENGINEERING
[2024-04-25 11:36:12.727 PM] info: Course #23
[2024-04-25 11:36:12.727 PM] info: Assigning class: CIVE 891 - SPECIAL TOPICS IN CIVIL ENGINEERING
[2024-04-25 11:36:12.727 PM] warn: Couldn't find a classroom for CIVE 891 - SPECIAL TOPICS IN CIVIL ENGINEERING
[2024-04-25 11:36:12.727 PM] info: Course #24
[2024-04-25 11:36:12.727 PM] info: Assigning class: CIVE 891 - SPECIAL TOPICS IN CIVIL ENGINEERING
[2024-04-25 11:36:12.727 PM] warn: Couldn't find a classroom for CIVE 891 - SPECIAL TOPICS IN CIVIL ENGINEERING
[2024-04-25 11:36:12.727 PM] info: Course #25
[2024-04-25 11:36:12.727 PM] info: Assigning class: CIVE 891 - SPECIAL TOPICS IN CIVIL ENGINEERING
[2024-04-25 11:36:12.727 PM] warn: Couldn't find a classroom for CIVE 891 - SPECIAL TOPICS IN CIVIL ENGINEERING
[2024-04-25 11:36:12.727 PM] info: Course #26
[2024-04-25 11:36:12.727 PM] info: Assigning class: CIVE 891 - SPECIAL TOPICS IN CIVIL ENGINEERING
[2024-04-25 11:36:12.727 PM] warn: Couldn't find a classroom for CIVE 891 - SPECIAL TOPICS IN CIVIL ENGINEERING
[2024-04-25 11:36:12.727 PM] info: Course #27
[2024-04-25 11:36:12.727 PM] info: Assigning class: CIVE 891 - SPECIAL TOPICS IN CIVIL ENGINEERING
[2024-04-25 11:36:12.727 PM] warn: Couldn't find a classroom for CIVE 891 - SPECIAL TOPICS IN CIVIL ENGINEERING
[2024-04-25 11:36:12.727 PM] info: Course #28
[2024-04-25 11:36:12.727 PM] info: Assigning class: CIVE 991 - ADVANCED SPECIAL TOPICS IN CIVIL ENGINEERING
[2024-04-25 11:36:12.727 PM] warn: Couldn't find a classroom for CIVE 991 - ADVANCED SPECIAL TOPICS IN CIVIL ENGINEERING
[2024-04-25 11:36:12.727 PM] info: Course #29
[2024-04-25 11:36:12.727 PM] info: Assigning class: CNST 242 - VERTICAL CONSTRUCTION
[2024-04-25 11:36:12.727 PM] warn: Couldn't find a classroom for CNST 242 - VERTICAL CONSTRUCTION
[2024-04-25 11:36:12.727 PM] info: Course #30
[2024-04-25 11:36:12.727 PM] info: Assigning class: CNST 305 - BUILDING ENVIRONMENTAL TECHNICAL SYSTEMS I
[2024-04-25 11:36:12.727 PM] warn: Couldn't find a classroom for CNST 305 - BUILDING ENVIRONMENTAL TECHNICAL SYSTEMS I
[2024-04-25 11:36:12.727 PM] info: Course #31
[2024-04-25 11:36:12.727 PM] info: Assigning class: CNST 332 - STRUCTURAL OPTIMIZATION
[2024-04-25 11:36:12.727 PM] warn: Couldn't find a classroom for CNST 332 - STRUCTURAL OPTIMIZATION
[2024-04-25 11:36:12.727 PM] info: Course #32
[2024-04-25 11:36:12.727 PM] info: Assigning class: CNST 379 - CONSTRUCTION ESTIMATING II
[2024-04-25 11:36:12.727 PM] warn: Couldn't find a classroom for CNST 379 - CONSTRUCTION ESTIMATING II
[2024-04-25 11:36:12.727 PM] info: Course #33
[2024-04-25 11:36:12.727 PM] info: Assigning class: CNST 415 - MECHANICAL/ELECTRICAL PROJECT MANAGEMENT
[2024-04-25 11:36:12.727 PM] warn: Couldn't find a classroom for CNST 415 - MECHANICAL/ELECTRICAL PROJECT MANAGEMENT
[2024-04-25 11:36:12.727 PM] info: Course #34
[2024-04-25 11:36:12.727 PM] info: Assigning class: CNST 480 - PRODUCTIVITY AND HUMAN FACTORS IN CONSTRUCTION
[2024-04-25 11:36:12.727 PM] warn: Couldn't find a classroom for CNST 480 - PRODUCTIVITY AND HUMAN FACTORS IN CONSTRUCTION
[2024-04-25 11:36:12.727 PM] info: Course #35
[2024-04-25 11:36:12.727 PM] info: Assigning class: CNST 482 - HEAVY AND/OR CIVIL CONSTRUCTION
[2024-04-25 11:36:12.727 PM] warn: Couldn't find a classroom for CNST 482 - HEAVY AND/OR CIVIL CONSTRUCTION
[2024-04-25 11:36:12.727 PM] info: Course #36
[2024-04-25 11:36:12.727 PM] info: Assigning class: CONE 206 - ENGINEERING ECONOMICS
[2024-04-25 11:36:12.727 PM] warn: Couldn't find a classroom for CONE 206 - ENGINEERING ECONOMICS
[2024-04-25 11:36:12.727 PM] info: Course #37
[2024-04-25 11:36:12.727 PM] info: Assigning class: CONE 417 - FORMWORK SYSTEMS
[2024-04-25 11:36:12.727 PM] warn: Couldn't find a classroom for CONE 417 - FORMWORK SYSTEMS
[2024-04-25 11:36:12.727 PM] info: Course #38
[2024-04-25 11:36:12.727 PM] info: Assigning class: CONE 898 - SPECIAL TOPICS IN CONSTRUCTION ENGINEERING
[2024-04-25 11:36:12.727 PM] warn: Couldn't find a classroom for CONE 898 - SPECIAL TOPICS IN CONSTRUCTION ENGINEERING
[2024-04-25 11:36:12.727 PM] info: Course #39
[2024-04-25 11:36:12.727 PM] info: Assigning class: CSCI 1200 - COMPUTER SCIENCE PRINCIPLES
[2024-04-25 11:36:12.727 PM] warn: Couldn't find a classroom for CSCI 1200 - COMPUTER SCIENCE PRINCIPLES
[2024-04-25 11:36:12.727 PM] info: Course #40
[2024-04-25 11:36:12.727 PM] info: Assigning class: CSCI 2030 - MATHEMATICAL FOUNDATIONS OF COMPUTER SCIENCE
[2024-04-25 11:36:12.727 PM] warn: Couldn't find a classroom for CSCI 2030 - MATHEMATICAL FOUNDATIONS OF COMPUTER SCIENCE
[2024-04-25 11:36:12.727 PM] info: Course #41
[2024-04-25 11:36:12.727 PM] info: Assigning class: CSCI 2510 - INTRODUCTION TO GAME PROGRAMMING
[2024-04-25 11:36:12.727 PM] warn: Couldn't find a classroom for CSCI 2510 - INTRODUCTION TO GAME PROGRAMMING
[2024-04-25 11:36:12.727 PM] info: Course #42
[2024-04-25 11:36:12.728 PM] info: Assigning class: CSCI 2830 - OBJECT-ORIENTED SOFTWARE ENGINEERING FUNDAMENTALS
[2024-04-25 11:36:12.728 PM] warn: Couldn't find a classroom for CSCI 2830 - OBJECT-ORIENTED SOFTWARE ENGINEERING FUNDAMENTALS
[2024-04-25 11:36:12.728 PM] info: Course #43
[2024-04-25 11:36:12.728 PM] info: Assigning class: CSCI 2980 - TOPICS IN COMPUTER SCIENCE
[2024-04-25 11:36:12.728 PM] warn: Couldn't find a classroom for CSCI 2980 - TOPICS IN COMPUTER SCIENCE
[2024-04-25 11:36:12.728 PM] info: Course #44
[2024-04-25 11:36:12.728 PM] info: Assigning class: CSCI 3320 - DATA STRUCTURES
[2024-04-25 11:36:12.728 PM] warn: Couldn't find a classroom for CSCI 3320 - DATA STRUCTURES
[2024-04-25 11:36:12.728 PM] info: Course #45
[2024-04-25 11:36:12.728 PM] info: Assigning class: CSCI 3450 - NATURAL LANGUAGE PROCESSING
[2024-04-25 11:36:12.728 PM] warn: Couldn't find a classroom for CSCI 3450 - NATURAL LANGUAGE PROCESSING
[2024-04-25 11:36:12.728 PM] info: Course #46
[2024-04-25 11:36:12.728 PM] info: Assigning class: CSCI 3550 - COMMUNICATION NETWORKS
[2024-04-25 11:36:12.728 PM] warn: Couldn't find a classroom for CSCI 3550 - COMMUNICATION NETWORKS
[2024-04-25 11:36:12.728 PM] info: Course #47
[2024-04-25 11:36:12.728 PM] info: Assigning class: CSCI 3660 - THEORY OF COMPUTATION
[2024-04-25 11:36:12.728 PM] warn: Couldn't find a classroom for CSCI 3660 - THEORY OF COMPUTATION
[2024-04-25 11:36:12.728 PM] info: Course #48
[2024-04-25 11:36:12.728 PM] info: Assigning class: CSCI 4220 - PRINCIPLES OF PROGRAMMING LANGUAGES
[2024-04-25 11:36:12.728 PM] warn: Couldn't find a classroom for CSCI 4220 - PRINCIPLES OF PROGRAMMING LANGUAGES
[2024-04-25 11:36:12.728 PM] info: Course #49
[2024-04-25 11:36:12.728 PM] info: Assigning class: CSCI 4260 - USER EXPERIENCE DESIGN
[2024-04-25 11:36:12.728 PM] warn: Couldn't find a classroom for CSCI 4260 - USER EXPERIENCE DESIGN
[2024-04-25 11:36:12.728 PM] info: Course #50
[2024-04-25 11:36:12.728 PM] info: Assigning class: CSCI 4350 - COMPUTER ARCHITECTURE
[2024-04-25 11:36:12.728 PM] warn: Couldn't find a classroom for CSCI 4350 - COMPUTER ARCHITECTURE
[2024-04-25 11:36:12.728 PM] info: Course #51
[2024-04-25 11:36:12.728 PM] info: Assigning class: CSCI 4350 - COMPUTER ARCHITECTURE
[2024-04-25 11:36:12.728 PM] warn: Couldn't find a classroom for CSCI 4350 - COMPUTER ARCHITECTURE
[2024-04-25 11:36:12.728 PM] info: Course #52
[2024-04-25 11:36:12.728 PM] info: Assigning class: CSCI 4450 - INTRODUCTION TO ARTIFICIAL INTELLIGENCE
[2024-04-25 11:36:12.728 PM] warn: Couldn't find a classroom for CSCI 4450 - INTRODUCTION TO ARTIFICIAL INTELLIGENCE
[2024-04-25 11:36:12.728 PM] info: Course #53
[2024-04-25 11:36:12.728 PM] info: Assigning class: CSCI 4500 - OPERATING SYSTEMS
[2024-04-25 11:36:12.728 PM] warn: Couldn't find a classroom for CSCI 4500 - OPERATING SYSTEMS
[2024-04-25 11:36:12.728 PM] info: Course #54
[2024-04-25 11:36:12.728 PM] info: Assigning class: CSCI 4500 - OPERATING SYSTEMS
[2024-04-25 11:36:12.728 PM] warn: Couldn't find a classroom for CSCI 4500 - OPERATING SYSTEMS
[2024-04-25 11:36:12.728 PM] info: Course #55
[2024-04-25 11:36:12.728 PM] info: Assigning class: CSCI 4620 - COMPUTER GRAPHICS
[2024-04-25 11:36:12.728 PM] warn: Couldn't find a classroom for CSCI 4620 - COMPUTER GRAPHICS
[2024-04-25 11:36:12.728 PM] info: Course #56
[2024-04-25 11:36:12.728 PM] info: Assigning class: CSCI 4830 - INTRODUCTION SOFTWARE ENGINEERING
[2024-04-25 11:36:12.728 PM] warn: Couldn't find a classroom for CSCI 4830 - INTRODUCTION SOFTWARE ENGINEERING
[2024-04-25 11:36:12.728 PM] info: Course #57
[2024-04-25 11:36:12.728 PM] info: Assigning class: CSCI 8050 - ALGORITHMIC GRAPH THEORY
[2024-04-25 11:36:12.728 PM] warn: Couldn't find a classroom for CSCI 8050 - ALGORITHMIC GRAPH THEORY
[2024-04-25 11:36:12.728 PM] info: Course #58
[2024-04-25 11:36:12.728 PM] info: Assigning class: CSCI 8080 - DESIGN AND ANALYSIS OF ALGORITHMS
[2024-04-25 11:36:12.728 PM] warn: Couldn't find a classroom for CSCI 8080 - DESIGN AND ANALYSIS OF ALGORITHMS
[2024-04-25 11:36:12.728 PM] info: Course #59
[2024-04-25 11:36:12.728 PM] info: Assigning class: CSCI 8760 - FORMAL METHODS IN SOFTWARE ENGINEERING
[2024-04-25 11:36:12.728 PM] warn: Couldn't find a classroom for CSCI 8760 - FORMAL METHODS IN SOFTWARE ENGINEERING
[2024-04-25 11:36:12.728 PM] info: Course #60
[2024-04-25 11:36:12.728 PM] info: Assigning class: CYBR 1100 - INTRODUCTION TO INFORMATION SECURITY
[2024-04-25 11:36:12.728 PM] warn: Couldn't find a classroom for CYBR 1100 - INTRODUCTION TO INFORMATION SECURITY
[2024-04-25 11:36:12.728 PM] info: Course #61
[2024-04-25 11:36:12.728 PM] info: Assigning class: CYBR 1100 - INTRODUCTION TO INFORMATION SECURITY
[2024-04-25 11:36:12.728 PM] warn: Couldn't find a classroom for CYBR 1100 - INTRODUCTION TO INFORMATION SECURITY
[2024-04-25 11:36:12.728 PM] info: Course #62
[2024-04-25 11:36:12.729 PM] info: Assigning class: CYBR 2600 - SYSTEM ADMINISTRATION
[2024-04-25 11:36:12.729 PM] warn: Couldn't find a classroom for CYBR 2600 - SYSTEM ADMINISTRATION
[2024-04-25 11:36:12.729 PM] info: Course #63
[2024-04-25 11:36:12.729 PM] info: Assigning class: CYBR 3570 - CRYPTOGRAPHY
[2024-04-25 11:36:12.729 PM] warn: Couldn't find a classroom for CYBR 3570 - CRYPTOGRAPHY
[2024-04-25 11:36:12.729 PM] info: Course #64
[2024-04-25 11:36:12.729 PM] info: Assigning class: CIVE 990M - CIVIL ENGINEERING SEMINAR IN GEOTECHNICAL AND MATERIALS ENGINEERING
[2024-04-25 11:36:12.729 PM] warn: Couldn't find a classroom for CIVE 990M - CIVIL ENGINEERING SEMINAR IN GEOTECHNICAL AND MATERIALS ENGINEERING
[2024-04-25 11:36:12.729 PM] info: Course #65
[2024-04-25 11:36:12.729 PM] info: Assigning class: CNST 411 - PROJECT ADMINISTRATION
[2024-04-25 11:36:12.729 PM] warn: Couldn't find a classroom for CNST 411 - PROJECT ADMINISTRATION
[2024-04-25 11:36:12.729 PM] info: Course #66
[2024-04-25 11:36:12.729 PM] info: Assigning class: CNST 489 - SENIOR CONSTRUCTION PROJECT
[2024-04-25 11:36:12.729 PM] warn: Couldn't find a classroom for CNST 489 - SENIOR CONSTRUCTION PROJECT
[2024-04-25 11:36:12.729 PM] info: Course #67
[2024-04-25 11:36:12.729 PM] info: Assigning class: CNST 811 - PROJECT ADMINISTRATION
[2024-04-25 11:36:12.729 PM] warn: Couldn't find a classroom for CNST 811 - PROJECT ADMINISTRATION
[2024-04-25 11:36:12.729 PM] info: Course #68
[2024-04-25 11:36:12.729 PM] info: Assigning class: CNST 993 - GRADUATE SEMINAR
[2024-04-25 11:36:12.729 PM] warn: Couldn't find a classroom for CNST 993 - GRADUATE SEMINAR
[2024-04-25 11:36:12.729 PM] info: Course #69
[2024-04-25 11:36:12.729 PM] info: Assigning class: CSCI 1204 - COMPUTER SCIENCE PRINCIPLES LABORATORY
[2024-04-25 11:36:12.729 PM] warn: Couldn't find a classroom for CSCI 1204 - COMPUTER SCIENCE PRINCIPLES LABORATORY
[2024-04-25 11:36:12.729 PM] info: Course #70
[2024-04-25 11:36:12.729 PM] info: Assigning class: CSCI 3710 - INTRODUCTION TO DIGITAL DESIGN AND COMPUTER ORGANIZATION
[2024-04-25 11:36:12.729 PM] warn: Couldn't find a classroom for CSCI 3710 - INTRODUCTION TO DIGITAL DESIGN AND COMPUTER ORGANIZATION
[2024-04-25 11:36:12.729 PM] info: Course #71
[2024-04-25 11:36:12.729 PM] info: Assigning class: CSCI 4380 - DIGITAL FORENSICS
[2024-04-25 11:36:12.729 PM] warn: Couldn't find a classroom for CSCI 4380 - DIGITAL FORENSICS
[2024-04-25 11:36:12.729 PM] info: Course #72
[2024-04-25 11:36:12.729 PM] info: Assigning class: CSCI 8366 - FOUNDATIONS OF CYBERSECURITY
[2024-04-25 11:36:12.729 PM] warn: Couldn't find a classroom for CSCI 8366 - FOUNDATIONS OF CYBERSECURITY
[2024-04-25 11:36:12.729 PM] info: Finished assigning rooms
[2024-04-25 11:36:12.730 PM] info: Data has been outputted
[2024-04-25 11:36:12.730 PM] warn: Class CIVE 863 - TRAFFIC ENGINEERING section 1 was not assigned a room
[2024-04-25 11:36:12.730 PM] warn: Class CIVE 864 - ANALYSIS AND ESTIMATION OF TRANSPORTATION DEMAND section 1 was not assigned a room
[2024-04-25 11:36:12.730 PM] warn: Class CIVE 872 - PAVEMENT DESIGN AND EVALUATION section 1 was not assigned a room
[2024-04-25 11:36:12.730 PM] warn: Class CIVE 891 - SPECIAL TOPICS IN CIVIL ENGINEERING section 1 was not assigned a room
[2024-04-25 11:36:12.730 PM] warn: Class CIVE 891 - SPECIAL TOPICS IN CIVIL ENGINEERING section 2 was not assigned a room
[2024-04-25 11:36:12.730 PM] warn: Class CIVE 891 - SPECIAL TOPICS IN CIVIL ENGINEERING section 3 was not assigned a room
[2024-04-25 11:36:12.730 PM] warn: Class CIVE 891 - SPECIAL TOPICS IN CIVIL ENGINEERING section 4 was not assigned a room
[2024-04-25 11:36:12.730 PM] warn: Class CIVE 891 - SPECIAL TOPICS IN CIVIL ENGINEERING section 5 was not assigned a room
[2024-04-25 11:36:12.730 PM] warn: Class CIVE 891 - SPECIAL TOPICS IN CIVIL ENGINEERING section 7 was not assigned a room
[2024-04-25 11:36:12.730 PM] warn: Class CIVE 891 - SPECIAL TOPICS IN CIVIL ENGINEERING section 8 was not assigned a room
[2024-04-25 11:36:12.730 PM] warn: Class CIVE 891 - SPECIAL TOPICS IN CIVIL ENGINEERING section 9 was not assigned a room
[2024-04-25 11:36:12.730 PM] warn: Class CIVE 991 - ADVANCED SPECIAL TOPICS IN CIVIL ENGINEERING section 1 was not assigned a room
[2024-04-25 11:36:12.730 PM] warn: Class CNST 242 - VERTICAL CONSTRUCTION section 1 was not assigned a room
[2024-04-25 11:36:12.730 PM] warn: Class CNST 305 - BUILDING ENVIRONMENTAL TECHNICAL SYSTEMS I section 1 was not assigned a room
[2024-04-25 11:36:12.730 PM] warn: Class CNST 332 - STRUCTURAL OPTIMIZATION section 1 was not assigned a room
[2024-04-25 11:36:12.730 PM] warn: Class CNST 379 - CONSTRUCTION ESTIMATING II section 1 was not assigned a room
[2024-04-25 11:36:12.730 PM] warn: Class CNST 415 - MECHANICAL/ELECTRICAL PROJECT MANAGEMENT section 1 was not assigned a room
[2024-04-25 11:36:12.730 PM] warn: Class CNST 480 - PRODUCTIVITY AND HUMAN FACTORS IN CONSTRUCTION section 1 was not assigned a room
[2024-04-25 11:36:12.730 PM] warn: Class CNST 482 - HEAVY AND/OR CIVIL CONSTRUCTION section 1 was not assigned a room
[2024-04-25 11:36:12.730 PM] warn: Class CONE 206 - ENGINEERING ECONOMICS section 1 was not assigned a room
[2024-04-25 11:36:12.730 PM] warn: Class CONE 417 - FORMWORK SYSTEMS section 1 was not assigned a room
[2024-04-25 11:36:12.730 PM] warn: Class CONE 898 - SPECIAL TOPICS IN CONSTRUCTION ENGINEERING section 1 was not assigned a room
[2024-04-25 11:36:12.730 PM] warn: Class CSCI 1200 - COMPUTER SCIENCE PRINCIPLES section 1 was not assigned a room
[2024-04-25 11:36:12.730 PM] warn: Class CSCI 2030 - MATHEMATICAL FOUNDATIONS OF COMPUTER SCIENCE section 1 was not assigned a room
[2024-04-25 11:36:12.730 PM] warn: Class CSCI 2510 - INTRODUCTION TO GAME PROGRAMMING section 1 was not assigned a room
[2024-04-25 11:36:12.730 PM] warn: Class CSCI 2830 - OBJECT-ORIENTED SOFTWARE ENGINEERING FUNDAMENTALS section 1 was not assigned a room
[2024-04-25 11:36:12.730 PM] warn: Class CSCI 2980 - TOPICS IN COMPUTER SCIENCE section 1 was not assigned a room
[2024-04-25 11:36:12.730 PM] warn: Class CSCI 3320 - DATA STRUCTURES section 1 was not assigned a room
[2024-04-25 11:36:12.730 PM] warn: Class CSCI 3450 - NATURAL LANGUAGE PROCESSING section 1 was not assigned a room
[2024-04-25 11:36:12.730 PM] warn: Class CSCI 3550 - COMMUNICATION NETWORKS section 1 was not assigned a room
[2024-04-25 11:36:12.730 PM] warn: Class CSCI 3660 - THEORY OF COMPUTATION section 1 was not assigned a room
[2024-04-25 11:36:12.730 PM] warn: Class CSCI 4220 - PRINCIPLES OF PROGRAMMING LANGUAGES section 1 was not assigned a room
[2024-04-25 11:36:12.730 PM] warn: Class CSCI 4260 - USER EXPERIENCE DESIGN section 1 was not assigned a room
[2024-04-25 11:36:12.730 PM] warn: Class CSCI 4350 - COMPUTER ARCHITECTURE section 1 was not assigned a room
[2024-04-25 11:36:12.730 PM] warn: Class CSCI 4350 - COMPUTER ARCHITECTURE section 2 was not assigned a room
[2024-04-25 11:36:12.730 PM] warn: Class CSCI 4450 - INTRODUCTION TO ARTIFICIAL INTELLIGENCE section 1 was not assigned a room
[2024-04-25 11:36:12.730 PM] warn: Class CSCI 4500 - OPERATING SYSTEMS section 1 was not assigned a room
[2024-04-25 11:36:12.730 PM] warn: Class CSCI 4500 - OPERATING SYSTEMS section 2 was not assigned a room
[2024-04-25 11:36:12.730 PM] warn: Class CSCI 4620 - COMPUTER GRAPHICS section 1 was not assigned a room
[2024-04-25 11:36:12.730 PM] warn: Class CSCI 4830 - INTRODUCTION SOFTWARE ENGINEERING section 1 was not assigned a room
[2024-04-25 11:36:12.730 PM] warn: Class CSCI 8050 - ALGORITHMIC GRAPH THEORY section 1 was not assigned a room
[2024-04-25 11:36:12.730 PM] warn: Class CSCI 8080 - DESIGN AND ANALYSIS OF ALGORITHMS section 1 was not assigned a room
[2024-04-25 11:36:12.730 PM] warn: Class CSCI 8760 - FORMAL METHODS IN SOFTWARE ENGINEERING section 1 was not assigned a room
[2024-04-25 11:36:12.730 PM] warn: Class CYBR 1100 - INTRODUCTION TO INFORMATION SECURITY section 1 was not assigned a room
[2024-04-25 11:36:12.730 PM] warn: Class CYBR 1100 - INTRODUCTION TO INFORMATION SECURITY section 2 was not assigned a room
[2024-04-25 11:36:12.730 PM] warn: Class CYBR 2600 - SYSTEM ADMINISTRATION section 1 was not assigned a room
[2024-04-25 11:36:12.730 PM] warn: Class CYBR 3570 - CRYPTOGRAPHY section 1 was not assigned a room
[2024-04-25 11:36:12.730 PM] warn: Class CIVE 990M - CIVIL ENGINEERING SEMINAR IN GEOTECHNICAL AND MATERIALS ENGINEERING section 1 was not assigned a room
[2024-04-25 11:36:12.730 PM] warn: Class CNST 411 - PROJECT ADMINISTRATION section 1 was not assigned a room
[2024-04-25 11:36:12.730 PM] warn: Class CNST 489 - SENIOR CONSTRUCTION PROJECT section 1 was not assigned a room
[2024-04-25 11:36:12.730 PM] warn: Class CNST 811 - PROJECT ADMINISTRATION section 1 was not assigned a room
[2024-04-25 11:36:12.730 PM] warn: Class CNST 993 - GRADUATE SEMINAR section 1 was not assigned a room
[2024-04-25 11:36:12.730 PM] warn: Class CSCI 1204 - COMPUTER SCIENCE PRINCIPLES LABORATORY section 1 was not assigned a room
[2024-04-25 11:36:12.730 PM] warn: Class CSCI 3710 - INTRODUCTION TO DIGITAL DESIGN AND COMPUTER ORGANIZATION section 1 was not assigned a room
[2024-04-25 11:36:12.730 PM] warn: Class CSCI 4380 - DIGITAL FORENSICS section 1 was not assigned a room
[2024-04-25 11:36:12.730 PM] warn: Class CSCI 8366 - FOUNDATIONS OF CYBERSECURITY section 1 was not assigned a room
